<?xml version="1.0" encoding="UTF-8"?>
<!-- Generated by org.testng.reporters.JUnitXMLReporter -->
<testsuite hostname="DESKTOP-G1T6KU3" ignored="0" name="Surefire test" tests="8" failures="1" timestamp="17 Jul 2019 07:41:44 GMT" time="42.385" errors="0">
  <testcase name="loginToSite" time="0.025" classname="snipp.test.bav.testcases.UAT_HomePageTest"/>
  <testcase name="howItWorks" time="0.533" classname="snipp.test.bav.testcases.UAT_HomePageTest"/>
  <testcase name="register" time="2.31" classname="snipp.test.bav.testcases.UAT_HomePageTest"/>
  <testcase name="faq" time="4.29" classname="snipp.test.bav.testcases.UAT_HomePageTest"/>
  <testcase name="checkFacebook" time="6.588" classname="snipp.test.bav.testcases.UAT_HomePageTest"/>
  <testcase name="checkYoutube" time="5.332" classname="snipp.test.bav.testcases.UAT_HomePageTest"/>
  <testcase name="checkYelp" time="19.55" classname="snipp.test.bav.testcases.UAT_HomePageTest"/>
  <testcase name="checkTwitter" time="2.733" classname="snipp.test.bav.testcases.UAT_HomePageTest">
    <failure type="java.lang.AssertionError" message="expected:&amp;lt;Bavarian Inn (@Bavarian_Inn) | Twitter&amp;gt; but was:&amp;lt;Bavarian Inn (@Bavarian_Inn) on Twitter&amp;gt;">
      <![CDATA[java.lang.AssertionError: expected:<Bavarian Inn (@Bavarian_Inn) | Twitter> but was:<Bavarian Inn (@Bavarian_Inn) on Twitter>
	at snipp.test.bav.testcases.UAT_HomePageTest.checkTwitter(UAT_HomePageTest.java:228)
... Removed 32 stack frames]]>
    </failure>
  </testcase> <!-- checkTwitter -->
</testsuite> <!-- Surefire test -->
