<html>
<head>
<title>TestNG:  Surefire test</title>
<link href="../testng.css" rel="stylesheet" type="text/css" />
<link href="../my-testng.css" rel="stylesheet" type="text/css" />

<style type="text/css">
.log { display: none;} 
.stack-trace { display: none;} 
</style>
<script type="text/javascript">
<!--
function flip(e) {
  current = e.style.display;
  if (current == 'block') {
    e.style.display = 'none';
    return 0;
  }
  else {
    e.style.display = 'block';
    return 1;
  }
}

function toggleBox(szDivId, elem, msg1, msg2)
{
  var res = -1;  if (document.getElementById) {
    res = flip(document.getElementById(szDivId));
  }
  else if (document.all) {
    // this is the way old msie versions work
    res = flip(document.all[szDivId]);
  }
  if(elem) {
    if(res == 0) elem.innerHTML = msg1; else elem.innerHTML = msg2;
  }

}

function toggleAllBoxes() {
  if (document.getElementsByTagName) {
    d = document.getElementsByTagName('div');
    for (i = 0; i < d.length; i++) {
      if (d[i].className == 'log') {
        flip(d[i]);
      }
    }
  }
}

// -->
</script>

</head>
<body>
<h2 align='center'>Surefire test</h2><table border='1' align="center">
<tr>
<td>Tests passed/Failed/Skipped:</td><td>7/1/0</td>
</tr><tr>
<td>Started on:</td><td>Wed Jul 17 08:41:02 BST 2019</td>
</tr>
<tr><td>Total time:</td><td>42 seconds (42385 ms)</td>
</tr><tr>
<td>Included groups:</td><td></td>
</tr><tr>
<td>Excluded groups:</td><td></td>
</tr>
</table><p/>
<small><i>(Hover the method name to see the test class name)</i></small><p/>
<table width='100%' border='1' class='invocation-failed'>
<tr><td colspan='4' align='center'><b>FAILED TESTS</b></td></tr>
<tr><td><b>Test method</b></td>
<td width="30%"><b>Exception</b></td>
<td width="10%"><b>Time (seconds)</b></td>
<td><b>Instance</b></td>
</tr>
<tr>
<td title='snipp.test.bav.testcases.UAT_HomePageTest.checkTwitter()'><b>checkTwitter</b><br>Test class: snipp.test.bav.testcases.UAT_HomePageTest</td>
<td><div><pre>java.lang.AssertionError: expected:&lt;Bavarian Inn (@Bavarian_Inn) | Twitter&gt; but was:&lt;Bavarian Inn (@Bavarian_Inn) on Twitter&gt;
	at snipp.test.bav.testcases.UAT_HomePageTest.checkTwitter(UAT_HomePageTest.java:228)
... Removed 32 stack frames</pre></div><a href='#' onClick='toggleBox("stack-trace318353283", this, "Click to show all stack frames", "Click to hide stack frames")'>Click to show all stack frames</a>
<div class='stack-trace' id='stack-trace318353283'><pre>java.lang.AssertionError: expected:&lt;Bavarian Inn (@Bavarian_Inn) | Twitter&gt; but was:&lt;Bavarian Inn (@Bavarian_Inn) on Twitter&gt;
	at org.testng.AssertJUnit.assertEquals(AssertJUnit.java:101)
	at org.testng.AssertJUnit.assertEquals(AssertJUnit.java:108)
	at snipp.test.bav.testcases.UAT_HomePageTest.checkTwitter(UAT_HomePageTest.java:228)
	at sun.reflect.NativeMethodAccessorImpl.invoke0(Native Method)
	at sun.reflect.NativeMethodAccessorImpl.invoke(Unknown Source)
	at sun.reflect.DelegatingMethodAccessorImpl.invoke(Unknown Source)
	at java.lang.reflect.Method.invoke(Unknown Source)
	at org.testng.internal.MethodInvocationHelper.invokeMethod(MethodInvocationHelper.java:104)
	at org.testng.internal.Invoker.invokeMethod(Invoker.java:645)
	at org.testng.internal.Invoker.invokeTestMethod(Invoker.java:851)
	at org.testng.internal.Invoker.invokeTestMethods(Invoker.java:1177)
	at org.testng.internal.TestMethodWorker.invokeTestMethods(TestMethodWorker.java:129)
	at org.testng.internal.TestMethodWorker.run(TestMethodWorker.java:112)
	at org.testng.TestRunner.privateRun(TestRunner.java:756)
	at org.testng.TestRunner.run(TestRunner.java:610)
	at org.testng.SuiteRunner.runTest(SuiteRunner.java:387)
	at org.testng.SuiteRunner.runSequentially(SuiteRunner.java:382)
	at org.testng.SuiteRunner.privateRun(SuiteRunner.java:340)
	at org.testng.SuiteRunner.run(SuiteRunner.java:289)
	at org.testng.SuiteRunnerWorker.runSuite(SuiteRunnerWorker.java:52)
	at org.testng.SuiteRunnerWorker.run(SuiteRunnerWorker.java:86)
	at org.testng.TestNG.runSuitesSequentially(TestNG.java:1293)
	at org.testng.TestNG.runSuitesLocally(TestNG.java:1218)
	at org.testng.TestNG.runSuites(TestNG.java:1133)
	at org.testng.TestNG.run(TestNG.java:1104)
	at org.apache.maven.surefire.testng.TestNGExecutor.run(TestNGExecutor.java:135)
	at org.apache.maven.surefire.testng.TestNGDirectoryTestSuite.executeMulti(TestNGDirectoryTestSuite.java:193)
	at org.apache.maven.surefire.testng.TestNGDirectoryTestSuite.execute(TestNGDirectoryTestSuite.java:94)
	at org.apache.maven.surefire.testng.TestNGProvider.invoke(TestNGProvider.java:146)
	at org.apache.maven.surefire.booter.ForkedBooter.invokeProviderInSameClassLoader(ForkedBooter.java:384)
	at org.apache.maven.surefire.booter.ForkedBooter.runSuitesInProcess(ForkedBooter.java:345)
	at org.apache.maven.surefire.booter.ForkedBooter.execute(ForkedBooter.java:126)
	at org.apache.maven.surefire.booter.ForkedBooter.main(ForkedBooter.java:418)
</pre></div></td>
<td>2</td>
<td>snipp.test.bav.testcases.UAT_HomePageTest@5e853265</td></tr>
</table><p>
<table width='100%' border='1' class='invocation-passed'>
<tr><td colspan='4' align='center'><b>PASSED TESTS</b></td></tr>
<tr><td><b>Test method</b></td>
<td width="30%"><b>Exception</b></td>
<td width="10%"><b>Time (seconds)</b></td>
<td><b>Instance</b></td>
</tr>
<tr>
<td title='snipp.test.bav.testcases.UAT_HomePageTest.checkFacebook()'><b>checkFacebook</b><br>Test class: snipp.test.bav.testcases.UAT_HomePageTest</td>
<td></td>
<td>6</td>
<td>snipp.test.bav.testcases.UAT_HomePageTest@5e853265</td></tr>
<tr>
<td title='snipp.test.bav.testcases.UAT_HomePageTest.checkYelp()'><b>checkYelp</b><br>Test class: snipp.test.bav.testcases.UAT_HomePageTest</td>
<td></td>
<td>19</td>
<td>snipp.test.bav.testcases.UAT_HomePageTest@5e853265</td></tr>
<tr>
<td title='snipp.test.bav.testcases.UAT_HomePageTest.checkYoutube()'><b>checkYoutube</b><br>Test class: snipp.test.bav.testcases.UAT_HomePageTest</td>
<td></td>
<td>5</td>
<td>snipp.test.bav.testcases.UAT_HomePageTest@5e853265</td></tr>
<tr>
<td title='snipp.test.bav.testcases.UAT_HomePageTest.faq()'><b>faq</b><br>Test class: snipp.test.bav.testcases.UAT_HomePageTest</td>
<td></td>
<td>4</td>
<td>snipp.test.bav.testcases.UAT_HomePageTest@5e853265</td></tr>
<tr>
<td title='snipp.test.bav.testcases.UAT_HomePageTest.howItWorks()'><b>howItWorks</b><br>Test class: snipp.test.bav.testcases.UAT_HomePageTest</td>
<td></td>
<td>0</td>
<td>snipp.test.bav.testcases.UAT_HomePageTest@5e853265</td></tr>
<tr>
<td title='snipp.test.bav.testcases.UAT_HomePageTest.loginToSite()'><b>loginToSite</b><br>Test class: snipp.test.bav.testcases.UAT_HomePageTest</td>
<td></td>
<td>0</td>
<td>snipp.test.bav.testcases.UAT_HomePageTest@5e853265</td></tr>
<tr>
<td title='snipp.test.bav.testcases.UAT_HomePageTest.register()'><b>register</b><br>Test class: snipp.test.bav.testcases.UAT_HomePageTest</td>
<td></td>
<td>2</td>
<td>snipp.test.bav.testcases.UAT_HomePageTest@5e853265</td></tr>
</table><p>
</body>
</html>