<?xml version="1.0" encoding="UTF-8"?>
<testng-results skipped="0" failed="1" ignored="0" total="8" passed="7">
  <reporter-output>
  </reporter-output>
  <suite name="Surefire suite" duration-ms="42385" started-at="2019-07-17T07:41:02Z" finished-at="2019-07-17T07:41:44Z">
    <groups>
    </groups>
    <test name="Surefire test" duration-ms="42385" started-at="2019-07-17T07:41:02Z" finished-at="2019-07-17T07:41:44Z">
      <class name="snipp.test.bav.testcases.UAT_HomePageTest">
        <test-method status="PASS" signature="launchBrowser()[pri:0, instance:snipp.test.bav.testcases.UAT_HomePageTest@5e853265]" name="launchBrowser" is-config="true" duration-ms="5599" started-at="2019-07-17T08:40:56Z" finished-at="2019-07-17T08:41:02Z">
          <reporter-output>
          </reporter-output>
        </test-method> <!-- launchBrowser -->
        <test-method status="PASS" signature="setUp()[pri:0, instance:snipp.test.bav.testcases.UAT_HomePageTest@5e853265]" name="setUp" is-config="true" duration-ms="133" started-at="2019-07-17T08:41:02Z" finished-at="2019-07-17T08:41:02Z">
          <reporter-output>
          </reporter-output>
        </test-method> <!-- setUp -->
        <test-method status="PASS" signature="loginToSite()[pri:1, instance:snipp.test.bav.testcases.UAT_HomePageTest@5e853265]" name="loginToSite" duration-ms="25" started-at="2019-07-17T08:41:02Z" finished-at="2019-07-17T08:41:02Z">
          <reporter-output>
          </reporter-output>
        </test-method> <!-- loginToSite -->
        <test-method status="PASS" signature="beforeMethod()[pri:0, instance:snipp.test.bav.testcases.UAT_HomePageTest@5e853265]" name="beforeMethod" is-config="true" duration-ms="0" started-at="2019-07-17T08:41:02Z" finished-at="2019-07-17T08:41:02Z">
          <reporter-output>
          </reporter-output>
        </test-method> <!-- beforeMethod -->
        <test-method status="PASS" signature="beforeMethod()[pri:0, instance:snipp.test.bav.testcases.UAT_HomePageTest@5e853265]" name="beforeMethod" is-config="true" duration-ms="1" started-at="2019-07-17T08:41:02Z" finished-at="2019-07-17T08:41:02Z">
          <reporter-output>
          </reporter-output>
        </test-method> <!-- beforeMethod -->
        <test-method status="PASS" signature="howItWorks()[pri:2, instance:snipp.test.bav.testcases.UAT_HomePageTest@5e853265]" name="howItWorks" duration-ms="533" started-at="2019-07-17T08:41:02Z" finished-at="2019-07-17T08:41:02Z">
          <reporter-output>
          </reporter-output>
        </test-method> <!-- howItWorks -->
        <test-method status="PASS" signature="beforeMethod()[pri:0, instance:snipp.test.bav.testcases.UAT_HomePageTest@5e853265]" name="beforeMethod" is-config="true" duration-ms="0" started-at="2019-07-17T08:41:02Z" finished-at="2019-07-17T08:41:02Z">
          <reporter-output>
          </reporter-output>
        </test-method> <!-- beforeMethod -->
        <test-method status="PASS" signature="register()[pri:3, instance:snipp.test.bav.testcases.UAT_HomePageTest@5e853265]" name="register" duration-ms="2310" started-at="2019-07-17T08:41:02Z" finished-at="2019-07-17T08:41:05Z">
          <reporter-output>
          </reporter-output>
        </test-method> <!-- register -->
        <test-method status="PASS" signature="beforeMethod()[pri:0, instance:snipp.test.bav.testcases.UAT_HomePageTest@5e853265]" name="beforeMethod" is-config="true" duration-ms="0" started-at="2019-07-17T08:41:05Z" finished-at="2019-07-17T08:41:05Z">
          <reporter-output>
          </reporter-output>
        </test-method> <!-- beforeMethod -->
        <test-method status="PASS" signature="faq()[pri:4, instance:snipp.test.bav.testcases.UAT_HomePageTest@5e853265]" name="faq" duration-ms="4290" started-at="2019-07-17T08:41:05Z" finished-at="2019-07-17T08:41:09Z">
          <reporter-output>
          </reporter-output>
        </test-method> <!-- faq -->
        <test-method status="PASS" signature="checkFacebook()[pri:5, instance:snipp.test.bav.testcases.UAT_HomePageTest@5e853265]" name="checkFacebook" duration-ms="6588" started-at="2019-07-17T08:41:09Z" finished-at="2019-07-17T08:41:15Z">
          <reporter-output>
          </reporter-output>
        </test-method> <!-- checkFacebook -->
        <test-method status="PASS" signature="beforeMethod()[pri:0, instance:snipp.test.bav.testcases.UAT_HomePageTest@5e853265]" name="beforeMethod" is-config="true" duration-ms="0" started-at="2019-07-17T08:41:09Z" finished-at="2019-07-17T08:41:09Z">
          <reporter-output>
          </reporter-output>
        </test-method> <!-- beforeMethod -->
        <test-method status="PASS" signature="beforeMethod()[pri:0, instance:snipp.test.bav.testcases.UAT_HomePageTest@5e853265]" name="beforeMethod" is-config="true" duration-ms="0" started-at="2019-07-17T08:41:15Z" finished-at="2019-07-17T08:41:15Z">
          <reporter-output>
          </reporter-output>
        </test-method> <!-- beforeMethod -->
        <test-method status="PASS" signature="checkYoutube()[pri:6, instance:snipp.test.bav.testcases.UAT_HomePageTest@5e853265]" name="checkYoutube" duration-ms="5332" started-at="2019-07-17T08:41:15Z" finished-at="2019-07-17T08:41:21Z">
          <reporter-output>
          </reporter-output>
        </test-method> <!-- checkYoutube -->
        <test-method status="PASS" signature="beforeMethod()[pri:0, instance:snipp.test.bav.testcases.UAT_HomePageTest@5e853265]" name="beforeMethod" is-config="true" duration-ms="0" started-at="2019-07-17T08:41:21Z" finished-at="2019-07-17T08:41:21Z">
          <reporter-output>
          </reporter-output>
        </test-method> <!-- beforeMethod -->
        <test-method status="PASS" signature="checkYelp()[pri:7, instance:snipp.test.bav.testcases.UAT_HomePageTest@5e853265]" name="checkYelp" duration-ms="19550" started-at="2019-07-17T08:41:21Z" finished-at="2019-07-17T08:41:40Z">
          <reporter-output>
          </reporter-output>
        </test-method> <!-- checkYelp -->
        <test-method status="PASS" signature="beforeMethod()[pri:0, instance:snipp.test.bav.testcases.UAT_HomePageTest@5e853265]" name="beforeMethod" is-config="true" duration-ms="0" started-at="2019-07-17T08:41:40Z" finished-at="2019-07-17T08:41:40Z">
          <reporter-output>
          </reporter-output>
        </test-method> <!-- beforeMethod -->
        <test-method status="FAIL" signature="checkTwitter()[pri:8, instance:snipp.test.bav.testcases.UAT_HomePageTest@5e853265]" name="checkTwitter" duration-ms="2733" started-at="2019-07-17T08:41:40Z" finished-at="2019-07-17T08:41:43Z">
          <exception class="java.lang.AssertionError">
            <message>
              <![CDATA[expected:<Bavarian Inn (@Bavarian_Inn) | Twitter> but was:<Bavarian Inn (@Bavarian_Inn) on Twitter>]]>
            </message>
            <full-stacktrace>
              <![CDATA[java.lang.AssertionError: expected:<Bavarian Inn (@Bavarian_Inn) | Twitter> but was:<Bavarian Inn (@Bavarian_Inn) on Twitter>
	at org.testng.AssertJUnit.assertEquals(AssertJUnit.java:101)
	at org.testng.AssertJUnit.assertEquals(AssertJUnit.java:108)
	at snipp.test.bav.testcases.UAT_HomePageTest.checkTwitter(UAT_HomePageTest.java:228)
	at sun.reflect.NativeMethodAccessorImpl.invoke0(Native Method)
	at sun.reflect.NativeMethodAccessorImpl.invoke(Unknown Source)
	at sun.reflect.DelegatingMethodAccessorImpl.invoke(Unknown Source)
	at java.lang.reflect.Method.invoke(Unknown Source)
	at org.testng.internal.MethodInvocationHelper.invokeMethod(MethodInvocationHelper.java:104)
	at org.testng.internal.Invoker.invokeMethod(Invoker.java:645)
	at org.testng.internal.Invoker.invokeTestMethod(Invoker.java:851)
	at org.testng.internal.Invoker.invokeTestMethods(Invoker.java:1177)
	at org.testng.internal.TestMethodWorker.invokeTestMethods(TestMethodWorker.java:129)
	at org.testng.internal.TestMethodWorker.run(TestMethodWorker.java:112)
	at org.testng.TestRunner.privateRun(TestRunner.java:756)
	at org.testng.TestRunner.run(TestRunner.java:610)
	at org.testng.SuiteRunner.runTest(SuiteRunner.java:387)
	at org.testng.SuiteRunner.runSequentially(SuiteRunner.java:382)
	at org.testng.SuiteRunner.privateRun(SuiteRunner.java:340)
	at org.testng.SuiteRunner.run(SuiteRunner.java:289)
	at org.testng.SuiteRunnerWorker.runSuite(SuiteRunnerWorker.java:52)
	at org.testng.SuiteRunnerWorker.run(SuiteRunnerWorker.java:86)
	at org.testng.TestNG.runSuitesSequentially(TestNG.java:1293)
	at org.testng.TestNG.runSuitesLocally(TestNG.java:1218)
	at org.testng.TestNG.runSuites(TestNG.java:1133)
	at org.testng.TestNG.run(TestNG.java:1104)
	at org.apache.maven.surefire.testng.TestNGExecutor.run(TestNGExecutor.java:135)
	at org.apache.maven.surefire.testng.TestNGDirectoryTestSuite.executeMulti(TestNGDirectoryTestSuite.java:193)
	at org.apache.maven.surefire.testng.TestNGDirectoryTestSuite.execute(TestNGDirectoryTestSuite.java:94)
	at org.apache.maven.surefire.testng.TestNGProvider.invoke(TestNGProvider.java:146)
	at org.apache.maven.surefire.booter.ForkedBooter.invokeProviderInSameClassLoader(ForkedBooter.java:384)
	at org.apache.maven.surefire.booter.ForkedBooter.runSuitesInProcess(ForkedBooter.java:345)
	at org.apache.maven.surefire.booter.ForkedBooter.execute(ForkedBooter.java:126)
	at org.apache.maven.surefire.booter.ForkedBooter.main(ForkedBooter.java:418)
]]>
            </full-stacktrace>
          </exception> <!-- java.lang.AssertionError -->
          <reporter-output>
          </reporter-output>
        </test-method> <!-- checkTwitter -->
        <test-method status="PASS" signature="tearDownTest()[pri:0, instance:snipp.test.bav.testcases.UAT_HomePageTest@5e853265]" name="tearDownTest" is-config="true" duration-ms="862" started-at="2019-07-17T08:41:43Z" finished-at="2019-07-17T08:41:44Z">
          <reporter-output>
          </reporter-output>
        </test-method> <!-- tearDownTest -->
        <test-method status="PASS" signature="tearDown()[pri:0, instance:snipp.test.bav.testcases.UAT_HomePageTest@5e853265]" name="tearDown" is-config="true" duration-ms="360" started-at="2019-07-17T08:41:44Z" finished-at="2019-07-17T08:41:44Z">
          <reporter-output>
          </reporter-output>
        </test-method> <!-- tearDown -->
      </class> <!-- snipp.test.bav.testcases.UAT_HomePageTest -->
    </test> <!-- Surefire test -->
  </suite> <!-- Surefire suite -->
</testng-results>
