<?xml version="1.0" encoding="UTF-8"?>
<!-- Generated by org.testng.reporters.JUnitXMLReporter -->
<testsuite hostname="DESKTOP-1UNN7PP" ignored="0" name="UAT_RegisterPageTestCanada_Broken" tests="3" failures="1" timestamp="18 Jul 2019 15:03:37 GMT" time="15.764" errors="0">
  <testcase name="loginToSite" time="0.012" classname="snipp.test.bav.testcases.UAT_RegisterPageTestCanada">
    <failure type="java.lang.AssertionError" message="expected [Details] but found [Home]">
      <![CDATA[java.lang.AssertionError: expected [Details] but found [Home]
	at snipp.test.bav.testcases.UAT_RegisterPageTestCanada.loginToSite(UAT_RegisterPageTestCanada.java:163)
... Removed 31 stack frames]]>
    </failure>
  </testcase> <!-- loginToSite -->
  <testcase name="enterDetails" time="3.36" classname="snipp.test.bav.testcases.UAT_RegisterPageTestCanada"/>
  <testcase name="enterForm" time="11.339" classname="snipp.test.bav.testcases.UAT_RegisterPageTestCanada"/>
</testsuite> <!-- UAT_RegisterPageTestCanada_Broken -->
