<?xml version="1.0" encoding="UTF-8"?>
<!-- Generated by org.testng.reporters.JUnitReportReporter -->
<testsuite name="sandpit.XX_UAT_BavarianInnBrokenLinks" tests="8" time="0.007" ignored="0" failures="0" timestamp="17 Jul 2019 15:42:56 GMT" skipped="7" hostname="DESKTOP-G1T6KU3" errors="1">
  <testcase name="membersOffers" time="0.001" classname="sandpit.XX_UAT_BavarianInnBrokenLinks">
    <skipped/>
  </testcase> <!-- membersOffers -->
  <testcase name="logOutOfSite" time="0.002" classname="sandpit.XX_UAT_BavarianInnBrokenLinks">
    <skipped/>
  </testcase> <!-- logOutOfSite -->
  <testcase name="titleTest" time="0.002" classname="sandpit.XX_UAT_BavarianInnBrokenLinks">
    <skipped/>
  </testcase> <!-- titleTest -->
  <testcase name="loginToSite" time="0.001" classname="sandpit.XX_UAT_BavarianInnBrokenLinks">
    <skipped/>
  </testcase> <!-- loginToSite -->
  <testcase name="membersSocial" time="0.000" classname="sandpit.XX_UAT_BavarianInnBrokenLinks">
    <skipped/>
  </testcase> <!-- membersSocial -->
  <testcase name="WelcomeMessage" time="0.001" classname="sandpit.XX_UAT_BavarianInnBrokenLinks">
    <skipped/>
  </testcase> <!-- WelcomeMessage -->
  <testcase name="membersLocations" time="0.000" classname="sandpit.XX_UAT_BavarianInnBrokenLinks">
    <skipped/>
  </testcase> <!-- membersLocations -->
  <testcase name="login" time="0.000" classname="sandpit.XX_UAT_BavarianInnBrokenLinks">
    <error type="java.lang.IllegalStateException" message="No webdriver is bound to current thread: 1. You need to call open(url) first.">
      <![CDATA[java.lang.IllegalStateException: No webdriver is bound to current thread: 1. You need to call open(url) first.
	at com.codeborne.selenide.drivercommands.LazyDriver.getWebDriver(LazyDriver.java:67)
	at com.codeborne.selenide.impl.ElementFinder.getSearchContext(ElementFinder.java:86)
	at com.codeborne.selenide.impl.ElementFinder.getWebElement(ElementFinder.java:74)
	at com.codeborne.selenide.impl.WebElementSource.checkCondition(WebElementSource.java:50)
	at com.codeborne.selenide.impl.WebElementSource.findAndAssertElementIsInteractable(WebElementSource.java:87)
	at com.codeborne.selenide.commands.SetValue.execute(SetValue.java:29)
	at com.codeborne.selenide.commands.SetValue.execute(SetValue.java:12)
	at com.codeborne.selenide.commands.Commands.execute(Commands.java:144)
	at com.codeborne.selenide.impl.SelenideElementProxy.dispatchAndRetry(SelenideElementProxy.java:99)
	at com.codeborne.selenide.impl.SelenideElementProxy.invoke(SelenideElementProxy.java:65)
	at com.sun.proxy.$Proxy9.setValue(Unknown Source)
	at sandpit.XX_UAT_BavarianInnBrokenLinks.login(XX_UAT_BavarianInnBrokenLinks.java:109)
	at sun.reflect.NativeMethodAccessorImpl.invoke0(Native Method)
	at sun.reflect.NativeMethodAccessorImpl.invoke(Unknown Source)
	at sun.reflect.DelegatingMethodAccessorImpl.invoke(Unknown Source)
	at java.lang.reflect.Method.invoke(Unknown Source)
	at org.testng.internal.MethodInvocationHelper.invokeMethod(MethodInvocationHelper.java:104)
	at org.testng.internal.Invoker.invokeConfigurationMethod(Invoker.java:515)
	at org.testng.internal.Invoker.invokeConfigurations(Invoker.java:217)
	at org.testng.internal.Invoker.invokeConfigurations(Invoker.java:144)
	at org.testng.internal.TestMethodWorker.invokeBeforeClassMethods(TestMethodWorker.java:169)
	at org.testng.internal.TestMethodWorker.run(TestMethodWorker.java:108)
	at org.testng.TestRunner.privateRun(TestRunner.java:756)
	at org.testng.TestRunner.run(TestRunner.java:610)
	at org.testng.SuiteRunner.runTest(SuiteRunner.java:387)
	at org.testng.SuiteRunner.runSequentially(SuiteRunner.java:382)
	at org.testng.SuiteRunner.privateRun(SuiteRunner.java:340)
	at org.testng.SuiteRunner.run(SuiteRunner.java:289)
	at org.testng.SuiteRunnerWorker.runSuite(SuiteRunnerWorker.java:52)
	at org.testng.SuiteRunnerWorker.run(SuiteRunnerWorker.java:86)
	at org.testng.TestNG.runSuitesSequentially(TestNG.java:1293)
	at org.testng.TestNG.runSuitesLocally(TestNG.java:1218)
	at org.testng.TestNG.runSuites(TestNG.java:1133)
	at org.testng.TestNG.run(TestNG.java:1104)
	at org.testng.remote.AbstractRemoteTestNG.run(AbstractRemoteTestNG.java:115)
	at org.testng.remote.RemoteTestNG.initAndRun(RemoteTestNG.java:251)
	at org.testng.remote.RemoteTestNG.main(RemoteTestNG.java:77)
]]>
    </error>
  </testcase> <!-- login -->
</testsuite> <!-- sandpit.XX_UAT_BavarianInnBrokenLinks -->
