<?xml version="1.0" encoding="UTF-8"?>
<!-- Generated by org.testng.reporters.JUnitReportReporter -->
<testsuite name="snipp.test.bavarianinn.uat.UAT_BavarianInnBrokenLinks2" tests="8" time="0.004" ignored="0" failures="1" timestamp="17 Jul 2019 07:02:21 GMT" skipped="7" hostname="DESKTOP-G1T6KU3" errors="0">
  <testcase name="titleTest" time="0.002" classname="snipp.test.bavarianinn.uat.UAT_BavarianInnBrokenLinks2">
    <skipped/>
  </testcase> <!-- titleTest -->
  <testcase name="membersOffers" time="0.000" classname="snipp.test.bavarianinn.uat.UAT_BavarianInnBrokenLinks2">
    <skipped/>
  </testcase> <!-- membersOffers -->
  <testcase name="loginToSite" time="0.000" classname="snipp.test.bavarianinn.uat.UAT_BavarianInnBrokenLinks2">
    <skipped/>
  </testcase> <!-- loginToSite -->
  <testcase name="membersLocations" time="0.000" classname="snipp.test.bavarianinn.uat.UAT_BavarianInnBrokenLinks2">
    <skipped/>
  </testcase> <!-- membersLocations -->
  <testcase name="login" time="0.000" classname="snipp.test.bavarianinn.uat.UAT_BavarianInnBrokenLinks2">
    <failure type="com.codeborne.selenide.ex.ElementNotFound" message="Element not found {By.xpath: //*[@id=&quot;loginContainer&quot;]/*/*/input}
Expected: visible or transparent">
      <![CDATA[Element not found {By.xpath: //*[@id="loginContainer"]/*/*/input}
Expected: visible or transparent
Screenshot: file:/C:/01%20Work/04Work_Automation/Bavarianinn/build/reports/tests/1563346932156.1.png
Page source: file:/C:/01%20Work/04Work_Automation/Bavarianinn/build/reports/tests/1563346932156.1.html
Timeout: 4 s.
Caused by: NoSuchElementException: no such element: Unable to locate element: {"method":"xpath","selector":"//*[@id="loginContainer"]/*/*/input"}
	at com.codeborne.selenide.impl.WebElementSource.createElementNotFoundError(WebElementSource.java:37)
	at com.codeborne.selenide.impl.ElementFinder.createElementNotFoundError(ElementFinder.java:100)
	at com.codeborne.selenide.impl.WebElementSource.checkCondition(WebElementSource.java:65)
	at com.codeborne.selenide.impl.WebElementSource.findAndAssertElementIsInteractable(WebElementSource.java:87)
	at com.codeborne.selenide.commands.SetValue.execute(SetValue.java:29)
	at com.codeborne.selenide.commands.SetValue.execute(SetValue.java:12)
	at com.codeborne.selenide.commands.Commands.execute(Commands.java:144)
	at com.codeborne.selenide.impl.SelenideElementProxy.dispatchAndRetry(SelenideElementProxy.java:99)
	at com.codeborne.selenide.impl.SelenideElementProxy.invoke(SelenideElementProxy.java:65)
	at com.sun.proxy.$Proxy10.setValue(Unknown Source)
	at snipp.test.bavarianinn.uat.UAT_BavarianInnBrokenLinks2.login(UAT_BavarianInnBrokenLinks2.java:136)
	at sun.reflect.NativeMethodAccessorImpl.invoke0(Native Method)
	at sun.reflect.NativeMethodAccessorImpl.invoke(Unknown Source)
	at sun.reflect.DelegatingMethodAccessorImpl.invoke(Unknown Source)
	at java.lang.reflect.Method.invoke(Unknown Source)
	at org.testng.internal.MethodInvocationHelper.invokeMethod(MethodInvocationHelper.java:104)
	at org.testng.internal.Invoker.invokeConfigurationMethod(Invoker.java:515)
	at org.testng.internal.Invoker.invokeConfigurations(Invoker.java:217)
	at org.testng.internal.Invoker.invokeConfigurations(Invoker.java:144)
	at org.testng.internal.TestMethodWorker.invokeBeforeClassMethods(TestMethodWorker.java:169)
	at org.testng.internal.TestMethodWorker.run(TestMethodWorker.java:108)
	at org.testng.TestRunner.privateRun(TestRunner.java:756)
	at org.testng.TestRunner.run(TestRunner.java:610)
	at org.testng.SuiteRunner.runTest(SuiteRunner.java:387)
	at org.testng.SuiteRunner.runSequentially(SuiteRunner.java:382)
	at org.testng.SuiteRunner.privateRun(SuiteRunner.java:340)
	at org.testng.SuiteRunner.run(SuiteRunner.java:289)
	at org.testng.SuiteRunnerWorker.runSuite(SuiteRunnerWorker.java:52)
	at org.testng.SuiteRunnerWorker.run(SuiteRunnerWorker.java:86)
	at org.testng.TestNG.runSuitesSequentially(TestNG.java:1293)
	at org.testng.TestNG.runSuitesLocally(TestNG.java:1218)
	at org.testng.TestNG.runSuites(TestNG.java:1133)
	at org.testng.TestNG.run(TestNG.java:1104)
	at org.testng.remote.AbstractRemoteTestNG.run(AbstractRemoteTestNG.java:115)
	at org.testng.remote.RemoteTestNG.initAndRun(RemoteTestNG.java:251)
	at org.testng.remote.RemoteTestNG.main(RemoteTestNG.java:77)
Caused by: org.openqa.selenium.NoSuchElementException: no such element: Unable to locate element: {"method":"xpath","selector":"//*[@id="loginContainer"]/*/*/input"}
  (Session info: chrome=75.0.3770.100)
For documentation on this error, please visit: https://www.seleniumhq.org/exceptions/no_such_element.html
Build info: version: '3.141.59', revision: 'e82be7d358', time: '2018-11-14T08:17:03'
System info: host: 'DESKTOP-G1T6KU3', ip: '192.168.1.18', os.name: 'Windows 10', os.arch: 'amd64', os.version: '10.0', java.version: '1.8.0_212'
Driver info: org.openqa.selenium.chrome.ChromeDriver
Capabilities {acceptInsecureCerts: false, browserName: chrome, browserVersion: 75.0.3770.100, chrome: {chromedriverVersion: 75.0.3770.90 (a6dcaf7e3ec6f..., userDataDir: C:\Users\kiera\AppData\Loca...}, goog:chromeOptions: {debuggerAddress: localhost:60298}, javascriptEnabled: true, networkConnectionEnabled: false, pageLoadStrategy: normal, platform: XP, platformName: XP, proxy: Proxy(), setWindowRect: true, strictFileInteractability: false, timeouts: {implicit: 0, pageLoad: 300000, script: 30000}, unhandledPromptBehavior: dismiss and notify}
Session ID: 070d8fbdfcd31787f1e4f2e2b356c718
*** Element info: {Using=xpath, value=//*[@id="loginContainer"]/*/*/input}
	at sun.reflect.GeneratedConstructorAccessor13.newInstance(Unknown Source)
	at sun.reflect.DelegatingConstructorAccessorImpl.newInstance(Unknown Source)
	at java.lang.reflect.Constructor.newInstance(Unknown Source)
	at org.openqa.selenium.remote.http.W3CHttpResponseCodec.createException(W3CHttpResponseCodec.java:187)
	at org.openqa.selenium.remote.http.W3CHttpResponseCodec.decode(W3CHttpResponseCodec.java:122)
	at org.openqa.selenium.remote.http.W3CHttpResponseCodec.decode(W3CHttpResponseCodec.java:49)
	at org.openqa.selenium.remote.HttpCommandExecutor.execute(HttpCommandExecutor.java:158)
	at org.openqa.selenium.remote.service.DriverCommandExecutor.execute(DriverCommandExecutor.java:83)
	at org.openqa.selenium.remote.RemoteWebDriver.execute(RemoteWebDriver.java:552)
	at org.openqa.selenium.remote.RemoteWebDriver.findElement(RemoteWebDriver.java:323)
	at org.openqa.selenium.remote.RemoteWebDriver.findElementByXPath(RemoteWebDriver.java:428)
	at org.openqa.selenium.By$ByXPath.findElement(By.java:353)
	at org.openqa.selenium.remote.RemoteWebDriver.findElement(RemoteWebDriver.java:315)
	at com.codeborne.selenide.impl.WebElementSelector.findElement(WebElementSelector.java:28)
	at com.codeborne.selenide.impl.ElementFinder.getWebElement(ElementFinder.java:74)
	at com.codeborne.selenide.impl.WebElementSource.checkCondition(WebElementSource.java:50)
	... 33 more
]]>
    </failure>
  </testcase> <!-- login -->
  <testcase name="WelcomeMessage" time="0.001" classname="snipp.test.bavarianinn.uat.UAT_BavarianInnBrokenLinks2">
    <skipped/>
  </testcase> <!-- WelcomeMessage -->
  <testcase name="logOutOfSite" time="0.001" classname="snipp.test.bavarianinn.uat.UAT_BavarianInnBrokenLinks2">
    <skipped/>
  </testcase> <!-- logOutOfSite -->
  <testcase name="membersSocial" time="0.000" classname="snipp.test.bavarianinn.uat.UAT_BavarianInnBrokenLinks2">
    <skipped/>
  </testcase> <!-- membersSocial -->
</testsuite> <!-- snipp.test.bavarianinn.uat.UAT_BavarianInnBrokenLinks2 -->
